<?xml version="1.0" encoding="UTF-8"?>
<testsuite xmlns:xsi="http://www.w3.org/2001/XMLSchema-instance" xsi:noNamespaceSchemaLocation="https://maven.apache.org/surefire/maven-surefire-plugin/xsd/surefire-test-report.xsd" name="TestSuite" time="198.894" tests="7" errors="0" skipped="0" failures="1">
  <properties>
[...]
</properties>
  <testcase name="feature" classname="upskill.runners.RunnerClass" time="76.837"/>
  <testcase name="feature" classname="upskill.runners.RunnerClass" time="19.042">
    <failure message="org.openqa.selenium.NoSuchElementException: no such element: Unable to locate element: {&quot;method&quot;:&quot;xpath&quot;,&quot;selector&quot;:&quot;//span[contains(text(),&apos;Big &amp; Tall Cotton Tee. Sizes 4 XLT to 8XLT. With &amp; without pockets. MADE IN USA&apos;)]&quot;}&#10;  (Session info: chrome=104.0.5112.101)&#10;For documentation on this error, please visit: http://seleniumhq.org/exceptions/no_such_element.html&#10;Build info: version: &apos;3.12.0&apos;, revision: &apos;7c6e0b3&apos;, time: &apos;2018-05-08T14:04:26.12Z&apos;&#10;System info: host: &apos;Ibads-MBP&apos;, ip: &apos;fe80:0:0:0:84b:2b1b:e8e5:a%en0&apos;, os.name: &apos;Mac OS X&apos;, os.arch: &apos;x86_64&apos;, os.version: &apos;12.4&apos;, java.version: &apos;1.8.0_333&apos;&#10;Driver info: org.openqa.selenium.chrome.ChromeDriver&#10;Capabilities {acceptInsecureCerts: false, browserName: chrome, browserVersion: 104.0.5112.101, chrome: {chromedriverVersion: 104.0.5112.79 (3cf3e8c8a07d..., userDataDir: /var/folders/7p/tjqb7rl15sv...}, goog:chromeOptions: {debuggerAddress: localhost:65223}, javascriptEnabled: true, networkConnectionEnabled: false, pageLoadStrategy: normal, platform: MAC, platformName: MAC, proxy: Proxy(), setWindowRect: true, strictFileInteractability: false, timeouts: {implicit: 0, pageLoad: 300000, script: 30000}, unhandledPromptBehavior: dismiss and notify, webauthn:extension:credBlob: true, webauthn:extension:largeBlob: true, webauthn:virtualAuthenticators: true}&#10;Session ID: 7a0272a7c661f3ee7d1d2ba8b11217e4&#10;*** Element info: {Using=xpath, value=//span[contains(text(),&apos;Big &amp; Tall Cotton Tee. Sizes 4 XLT to 8XLT. With &amp; without pockets. MADE IN USA&apos;)]}" type="cucumber.runtime.CucumberException"><![CDATA[cucumber.runtime.CucumberException: 
org.openqa.selenium.NoSuchElementException: no such element: Unable to locate element: {"method":"xpath","selector":"//span[contains(text(),'Big & Tall Cotton Tee. Sizes 4 XLT to 8XLT. With & without pockets. MADE IN USA')]"}
  (Session info: chrome=104.0.5112.101)
For documentation on this error, please visit: http://seleniumhq.org/exceptions/no_such_element.html
Build info: version: '3.12.0', revision: '7c6e0b3', time: '2018-05-08T14:04:26.12Z'
System info: host: 'Ibads-MBP', ip: 'fe80:0:0:0:84b:2b1b:e8e5:a%en0', os.name: 'Mac OS X', os.arch: 'x86_64', os.version: '12.4', java.version: '1.8.0_333'
Driver info: org.openqa.selenium.chrome.ChromeDriver
Capabilities {acceptInsecureCerts: false, browserName: chrome, browserVersion: 104.0.5112.101, chrome: {chromedriverVersion: 104.0.5112.79 (3cf3e8c8a07d..., userDataDir: /var/folders/7p/tjqb7rl15sv...}, goog:chromeOptions: {debuggerAddress: localhost:65223}, javascriptEnabled: true, networkConnectionEnabled: false, pageLoadStrategy: normal, platform: MAC, platformName: MAC, proxy: Proxy(), setWindowRect: true, strictFileInteractability: false, timeouts: {implicit: 0, pageLoad: 300000, script: 30000}, unhandledPromptBehavior: dismiss and notify, webauthn:extension:credBlob: true, webauthn:extension:largeBlob: true, webauthn:virtualAuthenticators: true}
Session ID: 7a0272a7c661f3ee7d1d2ba8b11217e4
*** Element info: {Using=xpath, value=//span[contains(text(),'Big & Tall Cotton Tee. Sizes 4 XLT to 8XLT. With & without pockets. MADE IN USA')]}
Caused by: org.openqa.selenium.NoSuchElementException: 
no such element: Unable to locate element: {"method":"xpath","selector":"//span[contains(text(),'Big & Tall Cotton Tee. Sizes 4 XLT to 8XLT. With & without pockets. MADE IN USA')]"}
  (Session info: chrome=104.0.5112.101)
For documentation on this error, please visit: http://seleniumhq.org/exceptions/no_such_element.html
Build info: version: '3.12.0', revision: '7c6e0b3', time: '2018-05-08T14:04:26.12Z'
System info: host: 'Ibads-MBP', ip: 'fe80:0:0:0:84b:2b1b:e8e5:a%en0', os.name: 'Mac OS X', os.arch: 'x86_64', os.version: '12.4', java.version: '1.8.0_333'
Driver info: org.openqa.selenium.chrome.ChromeDriver
Capabilities {acceptInsecureCerts: false, browserName: chrome, browserVersion: 104.0.5112.101, chrome: {chromedriverVersion: 104.0.5112.79 (3cf3e8c8a07d..., userDataDir: /var/folders/7p/tjqb7rl15sv...}, goog:chromeOptions: {debuggerAddress: localhost:65223}, javascriptEnabled: true, networkConnectionEnabled: false, pageLoadStrategy: normal, platform: MAC, platformName: MAC, proxy: Proxy(), setWindowRect: true, strictFileInteractability: false, timeouts: {implicit: 0, pageLoad: 300000, script: 30000}, unhandledPromptBehavior: dismiss and notify, webauthn:extension:credBlob: true, webauthn:extension:largeBlob: true, webauthn:virtualAuthenticators: true}
Session ID: 7a0272a7c661f3ee7d1d2ba8b11217e4
*** Element info: {Using=xpath, value=//span[contains(text(),'Big & Tall Cotton Tee. Sizes 4 XLT to 8XLT. With & without pockets. MADE IN USA')]}
]]></failure>
    <system-out><![CDATA[@regression @smoke @us-248
Feature: Ebay Cart Functionality
  
  Description: User should able to add items in cart
----->>>Initializing driver...Test scenario name:Ebay cart functionality
  Background:                # EbayCartDropDown.feature:6
    Given Open Ebay Homepage # EbayHomepageSteps.open_Ebay_Homepage()
>>>>>>>>>>Before Senario fail take Screenshot>>>>>>>>>
------Test complete,Browse closed

  Scenario: Ebay cart functionality          # EbayCartDropDown.feature:9
    Given Search for big & tall cotton tee   # EbayHomepageSteps.search_for_big_tall_cotton_tee()
    When Select the first shirt on item list # EbaySearchResultSteps.select_the_first_shirt_on_item_list()
      org.openqa.selenium.NoSuchElementException: no such element: Unable to locate element: {"method":"xpath","selector":"//span[contains(text(),'Big & Tall Cotton Tee. Sizes 4 XLT to 8XLT. With & without pockets. MADE IN USA')]"}
        (Session info: chrome=104.0.5112.101)
      For documentation on this error, please visit: http://seleniumhq.org/exceptions/no_such_element.html
      Build info: version: '3.12.0', revision: '7c6e0b3', time: '2018-05-08T14:04:26.12Z'
      System info: host: 'Ibads-MBP', ip: 'fe80:0:0:0:84b:2b1b:e8e5:a%en0', os.name: 'Mac OS X', os.arch: 'x86_64', os.version: '12.4', java.version: '1.8.0_333'
      Driver info: org.openqa.selenium.chrome.ChromeDriver
      Capabilities {acceptInsecureCerts: false, browserName: chrome, browserVersion: 104.0.5112.101, chrome: {chromedriverVersion: 104.0.5112.79 (3cf3e8c8a07d..., userDataDir: /var/folders/7p/tjqb7rl15sv...}, goog:chromeOptions: {debuggerAddress: localhost:65223}, javascriptEnabled: true, networkConnectionEnabled: false, pageLoadStrategy: normal, platform: MAC, platformName: MAC, proxy: Proxy(), setWindowRect: true, strictFileInteractability: false, timeouts: {implicit: 0, pageLoad: 300000, script: 30000}, unhandledPromptBehavior: dismiss and notify, webauthn:extension:credBlob: true, webauthn:extension:largeBlob: true, webauthn:virtualAuthenticators: true}
      Session ID: 7a0272a7c661f3ee7d1d2ba8b11217e4
      *** Element info: {Using=xpath, value=//span[contains(text(),'Big & Tall Cotton Tee. Sizes 4 XLT to 8XLT. With & without pockets. MADE IN USA')]}
      	at sun.reflect.NativeConstructorAccessorImpl.newInstance0(Native Method)
      	at sun.reflect.NativeConstructorAccessorImpl.newInstance(NativeConstructorAccessorImpl.java:62)
      	at sun.reflect.DelegatingConstructorAccessorImpl.newInstance(DelegatingConstructorAccessorImpl.java:45)
      	at java.lang.reflect.Constructor.newInstance(Constructor.java:423)
      	at org.openqa.selenium.remote.http.W3CHttpResponseCodec.createException(W3CHttpResponseCodec.java:187)
      	at org.openqa.selenium.remote.http.W3CHttpResponseCodec.decode(W3CHttpResponseCodec.java:122)
      	at org.openqa.selenium.remote.http.W3CHttpResponseCodec.decode(W3CHttpResponseCodec.java:49)
      	at org.openqa.selenium.remote.HttpCommandExecutor.execute(HttpCommandExecutor.java:158)
      	at org.openqa.selenium.remote.service.DriverCommandExecutor.execute(DriverCommandExecutor.java:83)
      	at org.openqa.selenium.remote.RemoteWebDriver.execute(RemoteWebDriver.java:543)
      	at org.openqa.selenium.remote.RemoteWebDriver.findElement(RemoteWebDriver.java:317)
      	at org.openqa.selenium.remote.RemoteWebDriver.findElementByXPath(RemoteWebDriver.java:419)
      	at org.openqa.selenium.By$ByXPath.findElement(By.java:353)
      	at org.openqa.selenium.remote.RemoteWebDriver.findElement(RemoteWebDriver.java:309)
      	at org.openqa.selenium.support.pagefactory.DefaultElementLocator.findElement(DefaultElementLocator.java:69)
      	at org.openqa.selenium.support.pagefactory.internal.LocatingElementHandler.invoke(LocatingElementHandler.java:38)
      	at com.sun.proxy.$Proxy18.click(Unknown Source)
      	at upskill.ebay.pageAction.EbaySearchResultActions.selectShirtBigAndTall(EbaySearchResultActions.java:61)
      	at upskill.ebay.stepDef.EbaySearchResultSteps.select_the_first_shirt_on_item_list(EbaySearchResultSteps.java:33)
      	at ✽.When Select the first shirt on item list(EbayCartDropDown.feature:11)

    And Select Size                          # EbayCartSteps.select_Size()
    And Select Men Size                      # EbayCartSteps.select_Men_Size()
    And Select Shade                         # EbayCartSteps.select_Shade()
    And Select Quantity                      # EbayCartSteps.select_Quantity()
    Then Add to shopping cart                # EbayCartSteps.add_to_shopping_cart()
]]></system-out>
    <system-err><![CDATA[[main] INFO io.github.bonigarcia.wdm.WebDriverManager - Using chromedriver 104.0.5112.79 (since Google Chrome 104 is installed in your machine)
[main] INFO io.github.bonigarcia.wdm.WebDriverManager - Exporting webdriver.chrome.driver as /Users/ibaduddin/.m2/repository/webdriver/chromedriver/mac64/104.0.5112.79/chromedriver
Starting ChromeDriver 104.0.5112.79 (3cf3e8c8a07d104b9e1260c910efb8f383285dc5-refs/branch-heads/5112@{#1307}) on port 6545
Only local connections are allowed.
Please see https://chromedriver.chromium.org/security-considerations for suggestions on keeping ChromeDriver safe.
ChromeDriver was started successfully.
Aug 30, 2022 2:08:33 PM org.openqa.selenium.remote.ProtocolHandshake createSession
INFO: Detected dialect: W3C
]]></system-err>
  </testcase>
  <testcase name="feature" classname="upskill.runners.RunnerClass" time="15.124"/>
  <testcase name="feature" classname="upskill.runners.RunnerClass" time="29.853"/>
  <testcase name="feature" classname="upskill.runners.RunnerClass" time="23.661"/>
  <testcase name="feature" classname="upskill.runners.RunnerClass" time="17.723"/>
  <testcase name="feature" classname="upskill.runners.RunnerClass" time="15.57"/>
</testsuite>